build/app/intermediates/manifest_merge_blame_file/debug/manifest-merger-blame-debug-report.txt
1<?xml version="1.0" encoding="utf-8"?>
2<manifest xmlns:android="http://schemas.android.com/apk/res/android"
3    package="com.example.project_s4"
4    android:versionCode="1"
5    android:versionName="1.0.0" >
6
7    <uses-sdk
8        android:minSdkVersion="16"
9        android:targetSdkVersion="33" />
10    <!--
11         The INTERNET permission is required for development. Specifically,
12         the Flutter tool needs it to communicate with the running application
13         to allow setting breakpoints, to provide hot reload, etc.
14    -->
15    <uses-permission android:name="android.permission.INTERNET" />
15-->src/debug/AndroidManifest.xml:7:5-66
15-->src/debug/AndroidManifest.xml:7:22-64
16
17    <queries>
17-->src/main/AndroidManifest.xml:34:5-39:13
18        <intent>
18-->src/main/AndroidManifest.xml:35:5-38:14
19            <action android:name="android.intent.action.SENDTO" />
19-->src/main/AndroidManifest.xml:36:7-61
19-->src/main/AndroidManifest.xml:36:15-58
20
21            <data android:scheme="mailto" />
21-->src/main/AndroidManifest.xml:37:7-39
21-->src/main/AndroidManifest.xml:37:13-36
22        </intent>
23        <intent>
23-->[:file_picker] AndroidManifest.xml:12:9-16:18
24            <action android:name="android.intent.action.GET_CONTENT" />
24-->[:file_picker] AndroidManifest.xml:13:13-72
24-->[:file_picker] AndroidManifest.xml:13:21-69
25
26            <data android:mimeType="*/*" />
26-->src/main/AndroidManifest.xml:37:7-39
27        </intent>
28    </queries>
29
30    <uses-permission android:name="android.permission.READ_EXTERNAL_STORAGE" />
30-->[:file_picker] AndroidManifest.xml:9:5-80
30-->[:file_picker] AndroidManifest.xml:9:22-77
31
32    <permission
32-->[androidx.core:core:1.9.0] AndroidManifest.xml:22:5-24:47
33        android:name="com.example.project_s4.DYNAMIC_RECEIVER_NOT_EXPORTED_PERMISSION"
33-->[androidx.core:core:1.9.0] AndroidManifest.xml:23:9-81
34        android:protectionLevel="signature" />
34-->[androidx.core:core:1.9.0] AndroidManifest.xml:24:9-44
35
36    <uses-permission android:name="com.example.project_s4.DYNAMIC_RECEIVER_NOT_EXPORTED_PERMISSION" />
36-->[androidx.core:core:1.9.0] AndroidManifest.xml:26:5-97
36-->[androidx.core:core:1.9.0] AndroidManifest.xml:26:22-94
37
38    <application
39        android:name="io.flutter.app.FlutterMultiDexApplication"
40        android:appComponentFactory="androidx.core.app.CoreComponentFactory"
40-->[androidx.core:core:1.9.0] AndroidManifest.xml:28:18-86
41        android:debuggable="true"
42        android:icon="@mipmap/ic_launcher"
43        android:label="project_s4" >
44        <activity
45            android:name="com.example.project_s4.MainActivity"
46            android:configChanges="orientation|keyboardHidden|keyboard|screenSize|smallestScreenSize|locale|layoutDirection|fontScale|screenLayout|density|uiMode"
47            android:exported="true"
48            android:hardwareAccelerated="true"
49            android:launchMode="singleTop"
50            android:theme="@style/LaunchTheme"
51            android:windowSoftInputMode="adjustResize" >
52
53            <!--
54                 Specifies an Android theme to apply to this Activity as soon as
55                 the Android process has started. This theme is visible to the user
56                 while the Flutter UI initializes. After that, this theme continues
57                 to determine the Window background behind the Flutter UI.
58            -->
59            <meta-data
60                android:name="io.flutter.embedding.android.NormalTheme"
61                android:resource="@style/NormalTheme" />
62
63            <intent-filter>
64                <action android:name="android.intent.action.MAIN" />
65
66                <category android:name="android.intent.category.LAUNCHER" />
67            </intent-filter>
68        </activity>
69        <!--
70             Don't delete the meta-data below.
71             This is used by the Flutter tool to generate GeneratedPluginRegistrant.java
72        -->
73        <meta-data
74            android:name="flutterEmbedding"
75            android:value="2" />
76
77        <provider
77-->[:flutter_email_sender] AndroidManifest.xml:10:9-18:20
78            android:name="com.sidlatau.flutteremailsender.FlutterEmailSenderFileProvider"
78-->[:flutter_email_sender] AndroidManifest.xml:11:13-90
79            android:authorities="com.example.project_s4.file_provider"
79-->[:flutter_email_sender] AndroidManifest.xml:12:13-65
80            android:exported="false"
80-->[:flutter_email_sender] AndroidManifest.xml:13:13-37
81            android:grantUriPermissions="true" >
81-->[:flutter_email_sender] AndroidManifest.xml:14:13-47
82            <meta-data
82-->[:flutter_email_sender] AndroidManifest.xml:15:13-17:61
83                android:name="android.support.FILE_PROVIDER_PATHS"
83-->[:flutter_email_sender] AndroidManifest.xml:16:17-67
84                android:resource="@xml/shared_file_paths" />
84-->[:flutter_email_sender] AndroidManifest.xml:17:17-58
85        </provider>
86        <provider
86-->[:image_picker_android] AndroidManifest.xml:10:9-18:20
87            android:name="io.flutter.plugins.imagepicker.ImagePickerFileProvider"
87-->[:image_picker_android] AndroidManifest.xml:11:13-82
88            android:authorities="com.example.project_s4.flutter.image_provider"
88-->[:image_picker_android] AndroidManifest.xml:12:13-74
89            android:exported="false"
89-->[:image_picker_android] AndroidManifest.xml:13:13-37
90            android:grantUriPermissions="true" >
90-->[:image_picker_android] AndroidManifest.xml:14:13-47
91            <meta-data
91-->[:flutter_email_sender] AndroidManifest.xml:15:13-17:61
92                android:name="android.support.FILE_PROVIDER_PATHS"
92-->[:flutter_email_sender] AndroidManifest.xml:16:17-67
93                android:resource="@xml/flutter_image_picker_file_paths" />
93-->[:flutter_email_sender] AndroidManifest.xml:17:17-58
94        </provider>
95
96        <activity
96-->[com.google.android.gms:play-services-auth:20.5.0] AndroidManifest.xml:23:9-27:75
97            android:name="com.google.android.gms.auth.api.signin.internal.SignInHubActivity"
97-->[com.google.android.gms:play-services-auth:20.5.0] AndroidManifest.xml:24:13-93
98            android:excludeFromRecents="true"
98-->[com.google.android.gms:play-services-auth:20.5.0] AndroidManifest.xml:25:13-46
99            android:exported="false"
99-->[com.google.android.gms:play-services-auth:20.5.0] AndroidManifest.xml:26:13-37
100            android:theme="@android:style/Theme.Translucent.NoTitleBar" />
100-->[com.google.android.gms:play-services-auth:20.5.0] AndroidManifest.xml:27:13-72
101        <!--
102            Service handling Google Sign-In user revocation. For apps that do not integrate with
103            Google Sign-In, this service will never be started.
104        -->
105        <service
105-->[com.google.android.gms:play-services-auth:20.5.0] AndroidManifest.xml:33:9-37:51
106            android:name="com.google.android.gms.auth.api.signin.RevocationBoundService"
106-->[com.google.android.gms:play-services-auth:20.5.0] AndroidManifest.xml:34:13-89
107            android:exported="true"
107-->[com.google.android.gms:play-services-auth:20.5.0] AndroidManifest.xml:35:13-36
108            android:permission="com.google.android.gms.auth.api.signin.permission.REVOCATION_NOTIFICATION"
108-->[com.google.android.gms:play-services-auth:20.5.0] AndroidManifest.xml:36:13-107
109            android:visibleToInstantApps="true" />
109-->[com.google.android.gms:play-services-auth:20.5.0] AndroidManifest.xml:37:13-48
110
111        <activity
111-->[com.google.android.gms:play-services-base:18.0.1] AndroidManifest.xml:20:9-22:45
112            android:name="com.google.android.gms.common.api.GoogleApiActivity"
112-->[com.google.android.gms:play-services-base:18.0.1] AndroidManifest.xml:20:19-85
113            android:exported="false"
113-->[com.google.android.gms:play-services-base:18.0.1] AndroidManifest.xml:22:19-43
114            android:theme="@android:style/Theme.Translucent.NoTitleBar" />
114-->[com.google.android.gms:play-services-base:18.0.1] AndroidManifest.xml:21:19-78
115
116        <meta-data
116-->[com.google.android.gms:play-services-basement:18.2.0] AndroidManifest.xml:21:9-23:69
117            android:name="com.google.android.gms.version"
117-->[com.google.android.gms:play-services-basement:18.2.0] AndroidManifest.xml:22:13-58
118            android:value="@integer/google_play_services_version" />
118-->[com.google.android.gms:play-services-basement:18.2.0] AndroidManifest.xml:23:13-66
119
120        <uses-library
120-->[androidx.window:window:1.0.0-beta04] AndroidManifest.xml:25:9-27:40
121            android:name="androidx.window.extensions"
121-->[androidx.window:window:1.0.0-beta04] AndroidManifest.xml:26:13-54
122            android:required="false" />
122-->[androidx.window:window:1.0.0-beta04] AndroidManifest.xml:27:13-37
123        <uses-library
123-->[androidx.window:window:1.0.0-beta04] AndroidManifest.xml:28:9-30:40
124            android:name="androidx.window.sidecar"
124-->[androidx.window:window:1.0.0-beta04] AndroidManifest.xml:29:13-51
125            android:required="false" />
125-->[androidx.window:window:1.0.0-beta04] AndroidManifest.xml:30:13-37
126
127        <provider
127-->[androidx.emoji2:emoji2:1.2.0] AndroidManifest.xml:24:9-32:20
128            android:name="androidx.startup.InitializationProvider"
128-->[androidx.emoji2:emoji2:1.2.0] AndroidManifest.xml:25:13-67
129            android:authorities="com.example.project_s4.androidx-startup"
129-->[androidx.emoji2:emoji2:1.2.0] AndroidManifest.xml:26:13-68
130            android:exported="false" >
130-->[androidx.emoji2:emoji2:1.2.0] AndroidManifest.xml:27:13-37
131            <meta-data
131-->[androidx.emoji2:emoji2:1.2.0] AndroidManifest.xml:29:13-31:52
132                android:name="androidx.emoji2.text.EmojiCompatInitializer"
132-->[androidx.emoji2:emoji2:1.2.0] AndroidManifest.xml:30:17-75
133                android:value="androidx.startup" />
133-->[androidx.emoji2:emoji2:1.2.0] AndroidManifest.xml:31:17-49
134            <meta-data
134-->[androidx.lifecycle:lifecycle-process:2.4.1] AndroidManifest.xml:31:13-33:52
135                android:name="androidx.lifecycle.ProcessLifecycleInitializer"
135-->[androidx.lifecycle:lifecycle-process:2.4.1] AndroidManifest.xml:32:17-78
136                android:value="androidx.startup" />
136-->[androidx.lifecycle:lifecycle-process:2.4.1] AndroidManifest.xml:33:17-49
137        </provider>
138    </application>
139
140</manifest>